Command: /pool/gxli/project/Idlefish/mp/mp_ooo_adv/sim/vcs/./top_tb -l simulation.log -exitstatus +TIMEOUT_ECE411=10000000 +MEMLST_ECE411=/pool/gxli/project/Idlefish/mp/mp_ooo_adv/sim/bin/memory_32.lst +CLOCK_PERIOD_PS_ECE411=10000 +BRAM_0_ON_X_ECE411=0
Chronologic VCS simulator copyright 1991-2022
Contains Synopsys proprietary information.
Compiler version T-2022.06_Full64; Runtime version T-2022.06_Full64;  Dec 10 21:53 2024
using memory file /pool/gxli/project/Idlefish/mp/mp_ooo_adv/sim/bin/memory_32.lst
using memory file /pool/gxli/project/Idlefish/mp/mp_ooo_adv/sim/bin/memory_32.lst
dut commit No.                   0, rd_s: x00, rd: 0x00000000
dut commit No.                1000, rd_s: x00, rd: 0x00000000
dut commit No.                2000, rd_s: x00, rd: 0x00000000
dut commit No.                3000, rd_s: x00, rd: 0x00000000
dut commit No.                4000, rd_s: x00, rd: 0x00000000
dut commit No.                5000, rd_s: x00, rd: 0x00000000
dut commit No.                6000, rd_s: x15, rd: 0x1ecf2038
dut commit No.                7000, rd_s: x15, rd: 0x000002d0
dut commit No.                8000, rd_s: x12, rd: 0x1ecf23aa
dut commit No.                9000, rd_s: x09, rd: 0x1ecf1098
dut commit No.               10000, rd_s: x07, rd: 0x1ecf0a08
dut commit No.               11000, rd_s: x07, rd: 0x0000fffd
dut commit No.               12000, rd_s: x15, rd: 0x00001771
Monitor: Segment Start time is            306075000
dut commit No.               13000, rd_s: x14, rd: 0x1ecf2168
dut commit No.               14000, rd_s: x13, rd: 0x1ecf20a8
dut commit No.               15000, rd_s: x00, rd: 0x00000000
dut commit No.               16000, rd_s: x15, rd: 0x1ecf2060
dut commit No.               17000, rd_s: x08, rd: 0x1ecf2080
dut commit No.               18000, rd_s: x00, rd: 0x00000000
dut commit No.               19000, rd_s: x13, rd: 0x1ecf20c0
dut commit No.               20000, rd_s: x13, rd: 0x00000019
dut commit No.               21000, rd_s: x15, rd: 0x1ecf20c8
dut commit No.               22000, rd_s: x00, rd: 0x00000000
dut commit No.               23000, rd_s: x12, rd: 0x00000002
dut commit No.               24000, rd_s: x14, rd: 0x1ecf2154
dut commit No.               25000, rd_s: x00, rd: 0x00000000
dut commit No.               26000, rd_s: x15, rd: 0x1ecf20d8
dut commit No.               27000, rd_s: x00, rd: 0x00000000
dut commit No.               28000, rd_s: x12, rd: 0x00000001
dut commit No.               29000, rd_s: x14, rd: 0x1ecf214c
dut commit No.               30000, rd_s: x00, rd: 0x00000000
dut commit No.               31000, rd_s: x15, rd: 0x1ecf2028
dut commit No.               32000, rd_s: x00, rd: 0x00000000
dut commit No.               33000, rd_s: x12, rd: 0x0000030a
dut commit No.               34000, rd_s: x14, rd: 0x1ecf211c
dut commit No.               35000, rd_s: x00, rd: 0x00000000
dut commit No.               36000, rd_s: x15, rd: 0x1ecf2010
dut commit No.               37000, rd_s: x00, rd: 0x00000000
dut commit No.               38000, rd_s: x12, rd: 0x00000514
dut commit No.               39000, rd_s: x14, rd: 0x1ecf2104
dut commit No.               40000, rd_s: x00, rd: 0x00000000
dut commit No.               41000, rd_s: x15, rd: 0x1ecf2050
dut commit No.               42000, rd_s: x00, rd: 0x00000000
dut commit No.               43000, rd_s: x12, rd: 0x0000051c
dut commit No.               44000, rd_s: x14, rd: 0x1ecf2108
dut commit No.               45000, rd_s: x00, rd: 0x00000000
dut commit No.               46000, rd_s: x10, rd: 0x1ecf2114
dut commit No.               47000, rd_s: x21, rd: 0x0000001b
dut commit No.               48000, rd_s: x13, rd: 0x1ecf2020
dut commit No.               49000, rd_s: x14, rd: 0x000009a1
dut commit No.               50000, rd_s: x13, rd: 0x1ecf24cc
dut commit No.               51000, rd_s: x16, rd: 0x00000009
dut commit No.               52000, rd_s: x14, rd: 0x00390000
dut commit No.               53000, rd_s: x12, rd: 0x00000000
dut commit No.               54000, rd_s: x14, rd: 0x0000095a
dut commit No.               55000, rd_s: x11, rd: 0x000013b7
dut commit No.               56000, rd_s: x00, rd: 0x00000000
dut commit No.               57000, rd_s: x13, rd: 0x1ecf235c
dut commit No.               58000, rd_s: x11, rd: 0x0000002f
dut commit No.               59000, rd_s: x14, rd: 0x003c0000
dut commit No.               60000, rd_s: x24, rd: 0x00000002
dut commit No.               61000, rd_s: x15, rd: 0x0000004e
dut commit No.               62000, rd_s: x24, rd: 0x00000004
dut commit No.               63000, rd_s: x15, rd: 0x0000002f
dut commit No.               64000, rd_s: x24, rd: 0x00000000
dut commit No.               65000, rd_s: x15, rd: 0x00000010
dut commit No.               66000, rd_s: x24, rd: 0x0000000c
dut commit No.               67000, rd_s: x15, rd: 0x00000158
dut commit No.               68000, rd_s: x24, rd: 0x00000008
dut commit No.               69000, rd_s: x15, rd: 0x0000013d
dut commit No.               70000, rd_s: x15, rd: 0x00fa0000
dut commit No.               71000, rd_s: x15, rd: 0x1ecf229e
dut commit No.               72000, rd_s: x15, rd: 0x1ecf22e0
dut commit No.               73000, rd_s: x12, rd: 0x00006765
dut commit No.               74000, rd_s: x15, rd: 0x00000302
dut commit No.               75000, rd_s: x12, rd: 0x1ecf2404
dut commit No.               76000, rd_s: x14, rd: 0x0000004a
dut commit No.               77000, rd_s: x11, rd: 0x0000002e
dut commit No.               78000, rd_s: x12, rd: 0x00021daa
dut commit No.               79000, rd_s: x13, rd: 0x1ecf23aa
dut commit No.               80000, rd_s: x14, rd: 0x000000f7
dut commit No.               81000, rd_s: x12, rd: 0x0069a4da
dut commit No.               82000, rd_s: x15, rd: 0x1ecf2330
dut commit No.               83000, rd_s: x14, rd: 0x00000005
dut commit No.               84000, rd_s: x13, rd: 0x1ecf2378
dut commit No.               85000, rd_s: x14, rd: 0x1ecf22bc
dut commit No.               86000, rd_s: x13, rd: 0x1ecf2352
dut commit No.               87000, rd_s: x14, rd: 0x1ecf22dc
dut commit No.               88000, rd_s: x12, rd: 0x00001ed7
dut commit No.               89000, rd_s: x00, rd: 0x00000000
dut commit No.               90000, rd_s: x12, rd: 0x00000e31
dut commit No.               91000, rd_s: x00, rd: 0x00000000
dut commit No.               92000, rd_s: x12, rd: 0x0000049c
dut commit No.               93000, rd_s: x15, rd: 0x000006f2
dut commit No.               94000, rd_s: x14, rd: 0x01a40000
dut commit No.               95000, rd_s: x00, rd: 0x00000000
dut commit No.               96000, rd_s: x15, rd: 0x1ecf2330
dut commit No.               97000, rd_s: x11, rd: 0x00000001
dut commit No.               98000, rd_s: x11, rd: 0x00000084
dut commit No.               99000, rd_s: x00, rd: 0x00000000
dut commit No.              100000, rd_s: x17, rd: 0x19dc0000
dut commit No.              101000, rd_s: x13, rd: 0x1ecf23d4
dut commit No.              102000, rd_s: x14, rd: 0x0000003d
dut commit No.              103000, rd_s: x12, rd: 0xffed9434
dut commit No.              104000, rd_s: x15, rd: 0x1ecf22fe
dut commit No.              105000, rd_s: x14, rd: 0x000000a1
dut commit No.              106000, rd_s: x14, rd: 0x000017c4
dut commit No.              107000, rd_s: x13, rd: 0x1ecf24d0
dut commit No.              108000, rd_s: x15, rd: 0x0000029b
dut commit No.              109000, rd_s: x13, rd: 0x1ecf23c2
dut commit No.              110000, rd_s: x15, rd: 0x00000604
dut commit No.              111000, rd_s: x13, rd: 0x1ecf239c
dut commit No.              112000, rd_s: x14, rd: 0x1ecf22f6
dut commit No.              113000, rd_s: x13, rd: 0x1ecf2376
dut commit No.              114000, rd_s: x14, rd: 0x1ecf2316
dut commit No.              115000, rd_s: x13, rd: 0x1ecf2350
dut commit No.              116000, rd_s: x00, rd: 0x00000000
dut commit No.              117000, rd_s: x12, rd: 0x0000128d
dut commit No.              118000, rd_s: x16, rd: 0x00000000
dut commit No.              119000, rd_s: x12, rd: 0x00000000
dut commit No.              120000, rd_s: x16, rd: 0x0000002e
dut commit No.              121000, rd_s: x14, rd: 0x00000004
dut commit No.              122000, rd_s: x00, rd: 0x00000000
dut commit No.              123000, rd_s: x00, rd: 0x00000000
dut commit No.              124000, rd_s: x00, rd: 0x00000000
dut commit No.              125000, rd_s: x00, rd: 0x00000000
dut commit No.              126000, rd_s: x14, rd: 0x00000016
dut commit No.              127000, rd_s: x10, rd: 0x00000003
dut commit No.              128000, rd_s: x10, rd: 0x00000000
dut commit No.              129000, rd_s: x15, rd: 0x0000004a
dut commit No.              130000, rd_s: x13, rd: 0x1ecf256a
dut commit No.              131000, rd_s: x00, rd: 0x00000000
dut commit No.              132000, rd_s: x13, rd: 0x1ecf25ed
dut commit No.              133000, rd_s: x14, rd: 0x0000002c
dut commit No.              134000, rd_s: x00, rd: 0x00000000
dut commit No.              135000, rd_s: x00, rd: 0x00000000
dut commit No.              136000, rd_s: x00, rd: 0x00000000
dut commit No.              137000, rd_s: x01, rd: 0x1ecec9c0
dut commit No.              138000, rd_s: x00, rd: 0x00000000
dut commit No.              139000, rd_s: x14, rd: 0x00000009
dut commit No.              140000, rd_s: x12, rd: 0x000044c4
dut commit No.              141000, rd_s: x12, rd: 0x0000345b
dut commit No.              142000, rd_s: x17, rd: 0x00006e63
dut commit No.              143000, rd_s: x05, rd: 0xffffffff
dut commit No.              144000, rd_s: x12, rd: 0x0000cd79
dut commit No.              145000, rd_s: x10, rd: 0x0000000a
dut commit No.              146000, rd_s: x00, rd: 0x00000000
dut commit No.              147000, rd_s: x00, rd: 0x00000000
dut commit No.              148000, rd_s: x00, rd: 0x00000000
dut commit No.              149000, rd_s: x00, rd: 0x00000000
dut commit No.              150000, rd_s: x00, rd: 0x00000000
dut commit No.              151000, rd_s: x00, rd: 0x00000000
dut commit No.              152000, rd_s: x11, rd: 0xeffffed0
dut commit No.              153000, rd_s: x01, rd: 0x1ecec958
dut commit No.              154000, rd_s: x00, rd: 0x00000000
dut commit No.              155000, rd_s: x00, rd: 0x00000000
dut commit No.              156000, rd_s: x00, rd: 0x00000000
dut commit No.              157000, rd_s: x14, rd: 0x0000002c
dut commit No.              158000, rd_s: x10, rd: 0xeffffeac
dut commit No.              159000, rd_s: x00, rd: 0x00000000
dut commit No.              160000, rd_s: x00, rd: 0x00000000
dut commit No.              161000, rd_s: x15, rd: 0x1ecf2711
dut commit No.              162000, rd_s: x00, rd: 0x00000000
dut commit No.              163000, rd_s: x00, rd: 0x00000000
dut commit No.              164000, rd_s: x12, rd: 0x00000000
dut commit No.              165000, rd_s: x29, rd: 0x00000000
dut commit No.              166000, rd_s: x13, rd: 0x00000000
dut commit No.              167000, rd_s: x12, rd: 0x29320000
dut commit No.              168000, rd_s: x29, rd: 0xffffa001
dut commit No.              169000, rd_s: x13, rd: 0x00000005
dut commit No.              170000, rd_s: x13, rd: 0x00000002
dut commit No.              171000, rd_s: x00, rd: 0x00000000
dut commit No.              172000, rd_s: x00, rd: 0x00000000
dut commit No.              173000, rd_s: x00, rd: 0x00000000
dut commit No.              174000, rd_s: x00, rd: 0x00000000
dut commit No.              175000, rd_s: x13, rd: 0x00000002
dut commit No.              176000, rd_s: x00, rd: 0x00000000
dut commit No.              177000, rd_s: x14, rd: 0x00000010
dut commit No.              178000, rd_s: x00, rd: 0x00000000
dut commit No.              179000, rd_s: x15, rd: 0x00000014
dut commit No.              180000, rd_s: x15, rd: 0x00000002
dut commit No.              181000, rd_s: x12, rd: 0xeffffeac
dut commit No.              182000, rd_s: x14, rd: 0x00000024
dut commit No.              183000, rd_s: x00, rd: 0x00000000
dut commit No.              184000, rd_s: x14, rd: 0x0000002e
dut commit No.              185000, rd_s: x00, rd: 0x00000000
dut commit No.              186000, rd_s: x10, rd: 0x000000cd
dut commit No.              187000, rd_s: x15, rd: 0x1ecf276f
dut commit No.              188000, rd_s: x13, rd: 0x0000002c
dut commit No.              189000, rd_s: x28, rd: 0x00000000
dut commit No.              190000, rd_s: x12, rd: 0x00000000
dut commit No.              191000, rd_s: x30, rd: 0x00008ea8
dut commit No.              192000, rd_s: x14, rd: 0x0000588a
dut commit No.              193000, rd_s: x29, rd: 0x00000000
dut commit No.              194000, rd_s: x12, rd: 0x00000000
dut commit No.              195000, rd_s: x15, rd: 0x1ecf22fc
dut commit No.              196000, rd_s: x12, rd: 0x00006e91
dut commit No.              197000, rd_s: x14, rd: 0x00000001
dut commit No.              198000, rd_s: x16, rd: 0x00006c2d
dut commit No.              199000, rd_s: x14, rd: 0x00000046
dut commit No.              200000, rd_s: x12, rd: 0x000eec43
dut commit No.              201000, rd_s: x15, rd: 0x1ecf22c6
dut commit No.              202000, rd_s: x14, rd: 0x000000f1
dut commit No.              203000, rd_s: x14, rd: 0x00001851
dut commit No.              204000, rd_s: x15, rd: 0x1ecf232a
dut commit No.              205000, rd_s: x00, rd: 0x00000000
dut commit No.              206000, rd_s: x11, rd: 0x005912da
dut commit No.              207000, rd_s: x28, rd: 0x1ecf2344
dut commit No.              208000, rd_s: x15, rd: 0x000014fa
dut commit No.              209000, rd_s: x13, rd: 0x1ecf23d0
dut commit No.              210000, rd_s: x15, rd: 0x00115811
dut commit No.              211000, rd_s: x13, rd: 0x1ecf23aa
dut commit No.              212000, rd_s: x00, rd: 0x00000000
dut commit No.              213000, rd_s: x24, rd: 0x0000002d
dut commit No.              214000, rd_s: x00, rd: 0x00000000
dut commit No.              215000, rd_s: x24, rd: 0x0000001a
dut commit No.              216000, rd_s: x00, rd: 0x00000000
dut commit No.              217000, rd_s: x16, rd: 0x00001572
dut commit No.              218000, rd_s: x12, rd: 0x1ecf231a
dut commit No.              219000, rd_s: x10, rd: 0x00000007
dut commit No.              220000, rd_s: x15, rd: 0x0000002d
dut commit No.              221000, rd_s: x01, rd: 0x1ecec958
dut commit No.              222000, rd_s: x10, rd: 0x00000029
dut commit No.              223000, rd_s: x10, rd: 0x00000009
dut commit No.              224000, rd_s: x10, rd: 0x00000042
dut commit No.              225000, rd_s: x00, rd: 0x00000000
dut commit No.              226000, rd_s: x10, rd: 0x00000009
dut commit No.              227000, rd_s: x14, rd: 0x00000011
dut commit No.              228000, rd_s: x00, rd: 0x00000000
dut commit No.              229000, rd_s: x13, rd: 0x1ecf2563
dut commit No.              230000, rd_s: x15, rd: 0x00000041
dut commit No.              231000, rd_s: x00, rd: 0x00000000
dut commit No.              232000, rd_s: x00, rd: 0x00000000
dut commit No.              233000, rd_s: x11, rd: 0xeffffed0
dut commit No.              234000, rd_s: x13, rd: 0x00000030
dut commit No.              235000, rd_s: x14, rd: 0x00000049
dut commit No.              236000, rd_s: x00, rd: 0x00000000
dut commit No.              237000, rd_s: x01, rd: 0x1ecec9b8
dut commit No.              238000, rd_s: x14, rd: 0x0000002c
dut commit No.              239000, rd_s: x12, rd: 0x00000000
dut commit No.              240000, rd_s: x05, rd: 0x00000000
dut commit No.              241000, rd_s: x17, rd: 0xffffa001
dut commit No.              242000, rd_s: x05, rd: 0x00000001
dut commit No.              243000, rd_s: x12, rd: 0x000066b3
dut commit No.              244000, rd_s: x28, rd: 0x00000001
dut commit No.              245000, rd_s: x13, rd: 0x1ecf2020
dut commit No.              246000, rd_s: x00, rd: 0x00000000
dut commit No.              247000, rd_s: x00, rd: 0x00000000
dut commit No.              248000, rd_s: x00, rd: 0x00000000
dut commit No.              249000, rd_s: x14, rd: 0x798a0000
dut commit No.              250000, rd_s: x14, rd: 0xffffffff
dut commit No.              251000, rd_s: x18, rd: 0x00000000
dut commit No.              252000, rd_s: x14, rd: 0x71260000
dut commit No.              253000, rd_s: x16, rd: 0x1ecf213c
dut commit No.              254000, rd_s: x00, rd: 0x00000000
dut commit No.              255000, rd_s: x00, rd: 0x00000000
dut commit No.              256000, rd_s: x12, rd: 0x00001212
dut commit No.              257000, rd_s: x13, rd: 0xffffffff
dut commit No.              258000, rd_s: x14, rd: 0xffffffff
dut commit No.              259000, rd_s: x13, rd: 0xd3590000
dut commit No.              260000, rd_s: x14, rd: 0x98cb0000
dut commit No.              261000, rd_s: x08, rd: 0x1ecf20e8
dut commit No.              262000, rd_s: x00, rd: 0x00000000
dut commit No.              263000, rd_s: x15, rd: 0x1ecf20d0
dut commit No.              264000, rd_s: x14, rd: 0x1ecf2010
dut commit No.              265000, rd_s: x14, rd: 0x1ecf2070
dut commit No.              266000, rd_s: x14, rd: 0x1ecf20a8
dut commit No.              267000, rd_s: x15, rd: 0x00000015
dut commit No.              268000, rd_s: x14, rd: 0x1ecf2164
dut commit No.              269000, rd_s: x14, rd: 0x1ecf2050
dut commit No.              270000, rd_s: x13, rd: 0x1ecf2038
dut commit No.              271000, rd_s: x13, rd: 0x1ecf20a8
dut commit No.              272000, rd_s: x00, rd: 0x00000000
dut commit No.              273000, rd_s: x00, rd: 0x00000000
dut commit No.              274000, rd_s: x00, rd: 0x00000000
dut commit No.              275000, rd_s: x08, rd: 0x1ecf20a0
dut commit No.              276000, rd_s: x08, rd: 0x1ecf20c8
dut commit No.              277000, rd_s: x08, rd: 0x1ecf20c0
dut commit No.              278000, rd_s: x00, rd: 0x00000000
dut commit No.              279000, rd_s: x00, rd: 0x00000000
dut commit No.              280000, rd_s: x00, rd: 0x00000000
dut commit No.              281000, rd_s: x11, rd: 0x00420000
dut commit No.              282000, rd_s: x24, rd: 0x00000076
dut commit No.              283000, rd_s: x24, rd: 0x0000003f
dut commit No.              284000, rd_s: x00, rd: 0x00000000
dut commit No.              285000, rd_s: x00, rd: 0x00000000
dut commit No.              286000, rd_s: x00, rd: 0x00000000
dut commit No.              287000, rd_s: x15, rd: 0x1ecf20a0
dut commit No.              288000, rd_s: x15, rd: 0x1ecf2020
dut commit No.              289000, rd_s: x00, rd: 0x00000000
dut commit No.              290000, rd_s: x14, rd: 0x1ecf2088
dut commit No.              291000, rd_s: x14, rd: 0x00000000
dut commit No.              292000, rd_s: x14, rd: 0x1ecf2110
dut commit No.              293000, rd_s: x14, rd: 0x499c0000
dut commit No.              294000, rd_s: x14, rd: 0x00000000
dut commit No.              295000, rd_s: x18, rd: 0xffffffff
dut commit No.              296000, rd_s: x14, rd: 0x00000000
dut commit No.              297000, rd_s: x00, rd: 0x00000000
dut commit No.              298000, rd_s: x00, rd: 0x00000000
dut commit No.              299000, rd_s: x13, rd: 0x1ecf2050
dut commit No.              300000, rd_s: x00, rd: 0x00000000
dut commit No.              301000, rd_s: x13, rd: 0x0000bf5a
dut commit No.              302000, rd_s: x14, rd: 0x00003c94
dut commit No.              303000, rd_s: x13, rd: 0x00006f22
dut commit No.              304000, rd_s: x10, rd: 0x5c570000
Monitor: Segment Stop time is           7803545000
Monitor: Segment IPC: 0.388879
Monitor: Segment Time:           7497470000
$finish called from file "/pool/gxli/project/Idlefish/mp/mp_ooo_adv/sim/../hvl/vcs/top_tb.sv", line 65.
[INF] Inst#/Cycle# = 304042/780423 = 0.390
[INF] address range = 0x1ecf1000 ~ 0xeffffffc 
============================================================
[INF] top_tb.dut.u_icache.u_cache_performance Cache Performance Info :
[INF] Total Access Number = 487558(rd: 487558 / wr: 0)
[INF] Hit/Miss Number  = 484378/3180 
[INF] Hit/Miss Rate  = 99.3%/0.7% 
============================================================

============================================================
[INF] top_tb.dut.u_dcache.u_cache_performance Cache Performance Info :
[INF] Total Access Number = 71374(rd: 55398 / wr: 15976)
[INF] Hit/Miss Number  = 71252/122 
[INF] Hit/Miss Rate  = 99.8%/0.2% 
============================================================

============================================================
[INF] top_tb.dut.u_ooo.u_alu_rvs.u_rvs_performance Reservation Station Performance Info :
[INF] Wait cyc# = 181266 ; Req cyc# = 387755 ; Wait Rate = 46.7%
============================================================

============================================================
[INF] top_tb.dut.u_ooo.u_mdu_rvs.u_rvs_performance Reservation Station Performance Info :
[INF] Wait cyc# = 23 ; Req cyc# = 10306 ; Wait Rate = 0.2%
============================================================

============================================================
[INF] top_tb.dut.u_ooo.u_ldu_rvs.u_rvs_performance Reservation Station Performance Info :
[INF] Wait cyc# = 137161 ; Req cyc# = 237564 ; Wait Rate = 57.7%
============================================================

============================================================
[INF] top_tb.dut.u_ooo.u_jmp_rvs.u_rvs_performance Reservation Station Performance Info :
[INF] Wait cyc# = 3423 ; Req cyc# = 80104 ; Wait Rate = 4.3%
============================================================

============================================================
[INF] top_tb.dut.u_ooo.u_rob.u_rob_performance Instruction Performance Info:
[INF] jal cycle#(%)    :  17893 (2.3%)
[INF] jalr cycle#(%)   :  21422 (2.7%)
[INF] br cycle#(%)     : 192872 (24.7%)
[INF] store cycle#(%)  :  25279 (3.2%)
[INF] load cycle#(%)   : 152134 (19.5%)
[INF] jal inst#(%)    :   2811 ( 0.9%) ; IPC = (0.157)
[INF] jalr inst#(%)   :   2494 ( 0.8%) ; IPC = (0.116)
[INF] br inst#(%)     :  55170 (18.1%) ; IPC = (0.286)
[INF] store inst#(%)  :  15976 ( 5.3%) ; IPC = (0.632)
[INF] load inst#(%)   :  55398 (18.2%) ; IPC = (0.364)
[INF] Total cycle#  : 780421
[INF] Total Inst#   : 304042
============================================================

$finish at simulation time           7804235000
           V C S   S i m u l a t i o n   R e p o r t 
Time: 7804235000 ps
CPU Time:     68.760 seconds;       Data structure size:   0.3Mb
Tue Dec 10 21:54:26 2024
